2023-04-26 09:47:29,829 [background-preinit] INFO  o.h.validator.internal.util.Version                : HV000001: Hibernate Validator 6.2.5.Final
2023-04-26 09:47:29,883 [main] INFO  c.h.e.EmployeeManagementSystemApplication          : Starting EmployeeManagementSystemApplication using Java 17.0.6 on OmkarKulkarni with PID 20260 (C:\Users\omkar\OneDrive\Desktop\Traninig_Practice\CapstoneProject\employeemanagementsystem\build\classes\java\main started by omkar in C:\Users\omkar\OneDrive\Desktop\Traninig_Practice\CapstoneProject\employeemanagementsystem)
2023-04-26 09:47:29,888 [main] INFO  c.h.e.EmployeeManagementSystemApplication          : No active profile set, falling back to 1 default profile: "default"
2023-04-26 09:47:31,020 [main] INFO  o.s.d.r.c.RepositoryConfigurationDelegate          : Bootstrapping Spring Data JPA repositories in DEFAULT mode.
2023-04-26 09:47:31,101 [main] INFO  o.s.d.r.c.RepositoryConfigurationDelegate          : Finished Spring Data repository scanning in 67 ms. Found 1 JPA repository interfaces.
2023-04-26 09:47:32,065 [main] INFO  o.s.b.w.embedded.tomcat.TomcatWebServer            : Tomcat initialized with port(s): 8443 (https)
2023-04-26 09:47:32,077 [main] INFO  o.apache.coyote.http11.Http11NioProtocol           : Initializing ProtocolHandler ["https-jsse-nio-8443"]
2023-04-26 09:47:32,078 [main] INFO  org.apache.catalina.core.StandardService           : Starting service [Tomcat]
2023-04-26 09:47:32,078 [main] INFO  org.apache.catalina.core.StandardEngine            : Starting Servlet engine: [Apache Tomcat/9.0.74]
2023-04-26 09:47:32,218 [main] INFO  o.a.c.c.C.[Tomcat].[localhost].[/]                 : Initializing Spring embedded WebApplicationContext
2023-04-26 09:47:32,218 [main] INFO  o.s.b.w.s.c.ServletWebServerApplicationContext     : Root WebApplicationContext: initialization completed in 2225 ms
2023-04-26 09:47:32,531 [main] INFO  o.hibernate.jpa.internal.util.LogHelper            : HHH000204: Processing PersistenceUnitInfo [name: default]
2023-04-26 09:47:32,646 [main] INFO  org.hibernate.Version                              : HHH000412: Hibernate ORM core version 5.6.15.Final
2023-04-26 09:47:32,941 [main] INFO  org.hibernate.annotations.common.Version           : HCANN000001: Hibernate Commons Annotations {5.1.2.Final}
2023-04-26 09:47:33,140 [main] INFO  com.zaxxer.hikari.HikariDataSource                 : HikariPool-1 - Starting...
2023-04-26 09:47:33,614 [main] INFO  com.zaxxer.hikari.HikariDataSource                 : HikariPool-1 - Start completed.
2023-04-26 09:47:33,662 [main] INFO  org.hibernate.dialect.Dialect                      : HHH000400: Using dialect: org.hibernate.dialect.MySQL8Dialect
2023-04-26 09:47:34,465 [main] INFO  o.h.e.t.j.p.i.JtaPlatformInitiator                 : HHH000490: Using JtaPlatform implementation: [org.hibernate.engine.transaction.jta.platform.internal.NoJtaPlatform]
2023-04-26 09:47:34,479 [main] INFO  o.s.o.j.LocalContainerEntityManagerFactoryBean     : Initialized JPA EntityManagerFactory for persistence unit 'default'
2023-04-26 09:47:34,944 [main] WARN  o.s.b.a.o.j.JpaBaseConfiguration$JpaWebConfiguration : spring.jpa.open-in-view is enabled by default. Therefore, database queries may be performed during view rendering. Explicitly configure spring.jpa.open-in-view to disable this warning
2023-04-26 09:47:35,446 [main] INFO  o.apache.coyote.http11.Http11NioProtocol           : Starting ProtocolHandler ["https-jsse-nio-8443"]
2023-04-26 09:47:35,688 [main] INFO  o.a.t.util.net.NioEndpoint.certificate             : Connector [https-jsse-nio-8443], TLS virtual host [_default_], certificate type [UNDEFINED] configured from [file:/C:/Users/omkar/OneDrive/Desktop/Traninig_Practice/CapstoneProject/employeemanagementsystem/build/resources/main/identity.jks] using alias [newssl] and with trust store [null]
2023-04-26 09:47:35,734 [main] INFO  o.s.b.w.embedded.tomcat.TomcatWebServer            : Tomcat started on port(s): 8443 (https) with context path ''
2023-04-26 09:47:35,754 [main] INFO  c.h.e.EmployeeManagementSystemApplication          : Started EmployeeManagementSystemApplication in 6.421 seconds (JVM running for 8.02)
2023-04-26 09:49:29,460 [https-jsse-nio-8443-exec-6] INFO  o.a.c.c.C.[Tomcat].[localhost].[/]                 : Initializing Spring DispatcherServlet 'dispatcherServlet'
2023-04-26 09:49:29,460 [https-jsse-nio-8443-exec-6] INFO  o.s.web.servlet.DispatcherServlet                  : Initializing Servlet 'dispatcherServlet'
2023-04-26 09:49:29,463 [https-jsse-nio-8443-exec-6] INFO  o.s.web.servlet.DispatcherServlet                  : Completed initialization in 3 ms
2023-04-26 09:49:29,528 [https-jsse-nio-8443-exec-6] INFO  c.h.e.s.EmployeeServiceImplementation              : Got SucessfullyGot SucessfullyGot SucessfullyGot SucessfullyGot SucessfullyGot SucessfullyGot SucessfullyGot SucessfullyGot SucessfullyGot SucessfullyGot SucessfullyGot SucessfullyGot SucessfullyGot SucessfullyGot SucessfullyGot SucessfullyGot SucessfullyGot SucessfullyGot SucessfullyGot SucessfullyGot SucessfullyGot SucessfullyGot SucessfullyGot SucessfullyGot SucessfullyGot SucessfullyGot SucessfullyGot SucessfullyGot SucessfullyGot SucessfullyGot SucessfullyGot SucessfullyGot SucessfullyGot SucessfullyGot SucessfullyGot SucessfullyGot SucessfullyGot SucessfullyGot SucessfullyGot SucessfullyGot SucessfullyGot SucessfullyGot SucessfullyGot SucessfullyGot SucessfullyGot SucessfullyGot SucessfullyGot SucessfullyGot SucessfullyGot Sucessfully
2023-04-26 10:14:19,292 [background-preinit] INFO  o.h.validator.internal.util.Version                : HV000001: Hibernate Validator 6.2.5.Final
2023-04-26 10:14:19,303 [main] INFO  c.h.e.EmployeeManagementSystemApplication          : Starting EmployeeManagementSystemApplication using Java 17.0.6 on OmkarKulkarni with PID 12192 (C:\Users\omkar\OneDrive\Desktop\Traninig_Practice\CapstoneProject\employeemanagementsystem\build\classes\java\main started by omkar in C:\Users\omkar\OneDrive\Desktop\Traninig_Practice\CapstoneProject\employeemanagementsystem)
2023-04-26 10:14:19,305 [main] INFO  c.h.e.EmployeeManagementSystemApplication          : No active profile set, falling back to 1 default profile: "default"
2023-04-26 10:14:20,247 [main] INFO  o.s.d.r.c.RepositoryConfigurationDelegate          : Bootstrapping Spring Data JPA repositories in DEFAULT mode.
2023-04-26 10:14:20,331 [main] INFO  o.s.d.r.c.RepositoryConfigurationDelegate          : Finished Spring Data repository scanning in 70 ms. Found 1 JPA repository interfaces.
2023-04-26 10:14:21,245 [main] INFO  o.s.b.w.embedded.tomcat.TomcatWebServer            : Tomcat initialized with port(s): 8443 (https)
2023-04-26 10:14:21,260 [main] INFO  o.apache.coyote.http11.Http11NioProtocol           : Initializing ProtocolHandler ["https-jsse-nio-8443"]
2023-04-26 10:14:21,261 [main] INFO  org.apache.catalina.core.StandardService           : Starting service [Tomcat]
2023-04-26 10:14:21,261 [main] INFO  org.apache.catalina.core.StandardEngine            : Starting Servlet engine: [Apache Tomcat/9.0.74]
2023-04-26 10:14:21,394 [main] INFO  o.a.c.c.C.[Tomcat].[localhost].[/]                 : Initializing Spring embedded WebApplicationContext
2023-04-26 10:14:21,394 [main] INFO  o.s.b.w.s.c.ServletWebServerApplicationContext     : Root WebApplicationContext: initialization completed in 2019 ms
2023-04-26 10:14:21,677 [main] INFO  o.hibernate.jpa.internal.util.LogHelper            : HHH000204: Processing PersistenceUnitInfo [name: default]
2023-04-26 10:14:21,759 [main] INFO  org.hibernate.Version                              : HHH000412: Hibernate ORM core version 5.6.15.Final
2023-04-26 10:14:21,999 [main] INFO  org.hibernate.annotations.common.Version           : HCANN000001: Hibernate Commons Annotations {5.1.2.Final}
2023-04-26 10:14:22,155 [main] INFO  com.zaxxer.hikari.HikariDataSource                 : HikariPool-1 - Starting...
2023-04-26 10:14:22,504 [main] INFO  com.zaxxer.hikari.HikariDataSource                 : HikariPool-1 - Start completed.
2023-04-26 10:14:22,550 [main] INFO  org.hibernate.dialect.Dialect                      : HHH000400: Using dialect: org.hibernate.dialect.MySQL8Dialect
2023-04-26 10:14:23,299 [main] INFO  o.h.e.t.j.p.i.JtaPlatformInitiator                 : HHH000490: Using JtaPlatform implementation: [org.hibernate.engine.transaction.jta.platform.internal.NoJtaPlatform]
2023-04-26 10:14:23,307 [main] INFO  o.s.o.j.LocalContainerEntityManagerFactoryBean     : Initialized JPA EntityManagerFactory for persistence unit 'default'
2023-04-26 10:14:23,814 [main] WARN  o.s.b.a.o.j.JpaBaseConfiguration$JpaWebConfiguration : spring.jpa.open-in-view is enabled by default. Therefore, database queries may be performed during view rendering. Explicitly configure spring.jpa.open-in-view to disable this warning
2023-04-26 10:14:24,424 [main] INFO  o.apache.coyote.http11.Http11NioProtocol           : Starting ProtocolHandler ["https-jsse-nio-8443"]
2023-04-26 10:14:24,648 [main] INFO  o.a.t.util.net.NioEndpoint.certificate             : Connector [https-jsse-nio-8443], TLS virtual host [_default_], certificate type [UNDEFINED] configured from [file:/C:/Users/omkar/OneDrive/Desktop/Traninig_Practice/CapstoneProject/employeemanagementsystem/build/resources/main/identity.jks] using alias [newssl] and with trust store [null]
2023-04-26 10:14:24,689 [main] INFO  o.s.b.w.embedded.tomcat.TomcatWebServer            : Tomcat started on port(s): 8443 (https) with context path ''
2023-04-26 10:14:24,713 [main] INFO  c.h.e.EmployeeManagementSystemApplication          : Started EmployeeManagementSystemApplication in 5.885 seconds (JVM running for 6.487)
2023-04-26 10:14:30,009 [https-jsse-nio-8443-exec-6] INFO  o.a.c.c.C.[Tomcat].[localhost].[/]                 : Initializing Spring DispatcherServlet 'dispatcherServlet'
2023-04-26 10:14:30,010 [https-jsse-nio-8443-exec-6] INFO  o.s.web.servlet.DispatcherServlet                  : Initializing Servlet 'dispatcherServlet'
2023-04-26 10:14:30,012 [https-jsse-nio-8443-exec-6] INFO  o.s.web.servlet.DispatcherServlet                  : Completed initialization in 1 ms
2023-04-26 10:40:35,948 [background-preinit] INFO  o.h.validator.internal.util.Version                : HV000001: Hibernate Validator 6.2.5.Final
2023-04-26 10:40:35,978 [main] INFO  c.h.e.EmployeeManagementSystemApplication          : Starting EmployeeManagementSystemApplication using Java 17.0.6 on OmkarKulkarni with PID 22208 (C:\Users\omkar\OneDrive\Desktop\Traninig_Practice\CapstoneProject\employeemanagementsystem\build\classes\java\main started by omkar in C:\Users\omkar\OneDrive\Desktop\Traninig_Practice\CapstoneProject\employeemanagementsystem)
2023-04-26 10:40:35,982 [main] INFO  c.h.e.EmployeeManagementSystemApplication          : No active profile set, falling back to 1 default profile: "default"
2023-04-26 10:40:37,097 [main] INFO  o.s.d.r.c.RepositoryConfigurationDelegate          : Bootstrapping Spring Data JPA repositories in DEFAULT mode.
2023-04-26 10:40:37,170 [main] INFO  o.s.d.r.c.RepositoryConfigurationDelegate          : Finished Spring Data repository scanning in 60 ms. Found 1 JPA repository interfaces.
2023-04-26 10:40:38,194 [main] INFO  o.s.b.w.embedded.tomcat.TomcatWebServer            : Tomcat initialized with port(s): 8443 (https)
2023-04-26 10:40:38,207 [main] INFO  o.apache.coyote.http11.Http11NioProtocol           : Initializing ProtocolHandler ["https-jsse-nio-8443"]
2023-04-26 10:40:38,208 [main] INFO  org.apache.catalina.core.StandardService           : Starting service [Tomcat]
2023-04-26 10:40:38,208 [main] INFO  org.apache.catalina.core.StandardEngine            : Starting Servlet engine: [Apache Tomcat/9.0.74]
2023-04-26 10:40:38,377 [main] INFO  o.a.c.c.C.[Tomcat].[localhost].[/]                 : Initializing Spring embedded WebApplicationContext
2023-04-26 10:40:38,377 [main] INFO  o.s.b.w.s.c.ServletWebServerApplicationContext     : Root WebApplicationContext: initialization completed in 2312 ms
2023-04-26 10:40:38,702 [main] INFO  o.hibernate.jpa.internal.util.LogHelper            : HHH000204: Processing PersistenceUnitInfo [name: default]
2023-04-26 10:40:38,784 [main] INFO  org.hibernate.Version                              : HHH000412: Hibernate ORM core version 5.6.15.Final
2023-04-26 10:40:39,026 [main] INFO  org.hibernate.annotations.common.Version           : HCANN000001: Hibernate Commons Annotations {5.1.2.Final}
2023-04-26 10:40:39,208 [main] INFO  com.zaxxer.hikari.HikariDataSource                 : HikariPool-1 - Starting...
2023-04-26 10:40:39,533 [main] INFO  com.zaxxer.hikari.HikariDataSource                 : HikariPool-1 - Start completed.
2023-04-26 10:40:39,583 [main] INFO  org.hibernate.dialect.Dialect                      : HHH000400: Using dialect: org.hibernate.dialect.MySQL8Dialect
2023-04-26 10:40:40,431 [main] INFO  o.h.e.t.j.p.i.JtaPlatformInitiator                 : HHH000490: Using JtaPlatform implementation: [org.hibernate.engine.transaction.jta.platform.internal.NoJtaPlatform]
2023-04-26 10:40:40,441 [main] INFO  o.s.o.j.LocalContainerEntityManagerFactoryBean     : Initialized JPA EntityManagerFactory for persistence unit 'default'
2023-04-26 10:40:41,022 [main] WARN  o.s.b.a.o.j.JpaBaseConfiguration$JpaWebConfiguration : spring.jpa.open-in-view is enabled by default. Therefore, database queries may be performed during view rendering. Explicitly configure spring.jpa.open-in-view to disable this warning
2023-04-26 10:40:41,908 [main] INFO  o.apache.coyote.http11.Http11NioProtocol           : Starting ProtocolHandler ["https-jsse-nio-8443"]
2023-04-26 10:40:42,162 [main] INFO  o.a.t.util.net.NioEndpoint.certificate             : Connector [https-jsse-nio-8443], TLS virtual host [_default_], certificate type [UNDEFINED] configured from [file:/C:/Users/omkar/OneDrive/Desktop/Traninig_Practice/CapstoneProject/employeemanagementsystem/build/resources/main/identity.jks] using alias [newssl] and with trust store [null]
2023-04-26 10:40:42,224 [main] INFO  o.s.b.w.embedded.tomcat.TomcatWebServer            : Tomcat started on port(s): 8443 (https) with context path ''
2023-04-26 10:40:42,245 [main] INFO  c.h.e.EmployeeManagementSystemApplication          : Started EmployeeManagementSystemApplication in 6.783 seconds (JVM running for 7.545)
2023-04-26 10:54:54,339 [https-jsse-nio-8443-exec-6] INFO  o.a.c.c.C.[Tomcat].[localhost].[/]                 : Initializing Spring DispatcherServlet 'dispatcherServlet'
2023-04-26 10:54:54,342 [https-jsse-nio-8443-exec-6] INFO  o.s.web.servlet.DispatcherServlet                  : Initializing Servlet 'dispatcherServlet'
2023-04-26 10:54:54,360 [https-jsse-nio-8443-exec-6] INFO  o.s.web.servlet.DispatcherServlet                  : Completed initialization in 18 ms
2023-04-26 14:19:17,231 [background-preinit] INFO  o.h.validator.internal.util.Version                : HV000001: Hibernate Validator 6.2.5.Final
2023-04-26 14:19:17,251 [main] INFO  c.h.e.EmployeeManagementSystemApplication          : Starting EmployeeManagementSystemApplication using Java 17.0.6 on OmkarKulkarni with PID 5000 (C:\Users\omkar\OneDrive\Desktop\Traninig_Practice\CapstoneProject\employeemanagementsystem\build\classes\java\main started by omkar in C:\Users\omkar\OneDrive\Desktop\Traninig_Practice\CapstoneProject\employeemanagementsystem)
2023-04-26 14:19:17,254 [main] INFO  c.h.e.EmployeeManagementSystemApplication          : No active profile set, falling back to 1 default profile: "default"
2023-04-26 14:19:19,080 [main] INFO  o.s.d.r.c.RepositoryConfigurationDelegate          : Bootstrapping Spring Data JPA repositories in DEFAULT mode.
2023-04-26 14:19:19,199 [main] INFO  o.s.d.r.c.RepositoryConfigurationDelegate          : Finished Spring Data repository scanning in 96 ms. Found 1 JPA repository interfaces.
2023-04-26 14:19:20,333 [main] INFO  o.s.b.w.embedded.tomcat.TomcatWebServer            : Tomcat initialized with port(s): 8443 (https)
2023-04-26 14:19:20,347 [main] INFO  o.apache.coyote.http11.Http11NioProtocol           : Initializing ProtocolHandler ["https-jsse-nio-8443"]
2023-04-26 14:19:20,348 [main] INFO  org.apache.catalina.core.StandardService           : Starting service [Tomcat]
2023-04-26 14:19:20,349 [main] INFO  org.apache.catalina.core.StandardEngine            : Starting Servlet engine: [Apache Tomcat/9.0.74]
2023-04-26 14:19:20,495 [main] INFO  o.a.c.c.C.[Tomcat].[localhost].[/]                 : Initializing Spring embedded WebApplicationContext
2023-04-26 14:19:20,496 [main] INFO  o.s.b.w.s.c.ServletWebServerApplicationContext     : Root WebApplicationContext: initialization completed in 3117 ms
2023-04-26 14:19:20,791 [main] INFO  o.hibernate.jpa.internal.util.LogHelper            : HHH000204: Processing PersistenceUnitInfo [name: default]
2023-04-26 14:19:20,902 [main] INFO  org.hibernate.Version                              : HHH000412: Hibernate ORM core version 5.6.15.Final
2023-04-26 14:19:21,186 [main] INFO  org.hibernate.annotations.common.Version           : HCANN000001: Hibernate Commons Annotations {5.1.2.Final}
2023-04-26 14:19:21,405 [main] INFO  com.zaxxer.hikari.HikariDataSource                 : HikariPool-1 - Starting...
2023-04-26 14:19:21,781 [main] INFO  com.zaxxer.hikari.HikariDataSource                 : HikariPool-1 - Start completed.
2023-04-26 14:19:21,827 [main] INFO  org.hibernate.dialect.Dialect                      : HHH000400: Using dialect: org.hibernate.dialect.MySQL8Dialect
2023-04-26 14:19:22,725 [main] INFO  o.h.e.t.j.p.i.JtaPlatformInitiator                 : HHH000490: Using JtaPlatform implementation: [org.hibernate.engine.transaction.jta.platform.internal.NoJtaPlatform]
2023-04-26 14:19:22,737 [main] INFO  o.s.o.j.LocalContainerEntityManagerFactoryBean     : Initialized JPA EntityManagerFactory for persistence unit 'default'
2023-04-26 14:19:23,189 [main] WARN  o.s.b.a.o.j.JpaBaseConfiguration$JpaWebConfiguration : spring.jpa.open-in-view is enabled by default. Therefore, database queries may be performed during view rendering. Explicitly configure spring.jpa.open-in-view to disable this warning
2023-04-26 14:19:23,691 [main] INFO  o.apache.coyote.http11.Http11NioProtocol           : Starting ProtocolHandler ["https-jsse-nio-8443"]
2023-04-26 14:19:23,909 [main] INFO  o.a.t.util.net.NioEndpoint.certificate             : Connector [https-jsse-nio-8443], TLS virtual host [_default_], certificate type [UNDEFINED] configured from [file:/C:/Users/omkar/OneDrive/Desktop/Traninig_Practice/CapstoneProject/employeemanagementsystem/build/resources/main/identity.jks] using alias [newssl] and with trust store [null]
2023-04-26 14:19:23,968 [main] INFO  o.s.b.w.embedded.tomcat.TomcatWebServer            : Tomcat started on port(s): 8443 (https) with context path ''
2023-04-26 14:19:23,992 [main] INFO  c.h.e.EmployeeManagementSystemApplication          : Started EmployeeManagementSystemApplication in 7.56 seconds (JVM running for 8.749)
